Iniciando Treinamento com 28 atributos sobre 1500 fotos distribuídas em 30 identificadores distintos.
Fold 1 Acurácia Base: 0.6633
Fold 2 Acurácia Base: 0.6400
Fold 3 Acurácia Base: 0.6367
Fold 4 Acurácia Base: 0.6833
Fold 5 Acurácia Base: 0.6533
Média Global de Acurácia: 0.6553
Melhor modelo do treinamento salvo em src/models/random_forest/best_rf_model.pkl

[Avaliação do Modelo via Out-Of-Fold Class Report]:
              precision    recall  f1-score   support

        1106       0.73      0.76      0.75        50
        1122       0.66      0.54      0.59        50
        1221       0.61      0.40      0.48        50
        1287       0.51      0.46      0.48        50
        1288       0.76      0.76      0.76        50
        1294       0.48      0.54      0.51        50
        1321       0.53      0.42      0.47        50
        1323       0.74      0.84      0.79        50
        1325       0.58      0.84      0.69        50
        1328       0.60      0.60      0.60        50
        1351       0.70      0.70      0.70        50
        1356       0.77      0.60      0.67        50
        1362       0.61      0.72      0.66        50
        1377       0.67      0.90      0.77        50
        1386       0.70      0.60      0.65        50
        1391       0.58      0.50      0.54        50
        1397       0.63      0.54      0.58        50
        1399       0.71      0.64      0.67        50
        1439       0.85      0.82      0.84        50
        1440       0.64      0.64      0.64        50
        1446       0.69      0.82      0.75        50
        1456       0.56      0.66      0.61        50
        1463       0.66      0.42      0.51        50
        1464       0.61      0.66      0.63        50
        1473       0.58      0.82      0.68        50
        1491       0.69      0.66      0.67        50
        1495       0.57      0.60      0.58        50
        1531       0.76      0.84      0.80        50
        1539       0.86      0.72      0.78        50
        1562       0.73      0.64      0.68        50

    accuracy                           0.66      1500
   macro avg       0.66      0.66      0.65      1500
weighted avg       0.66      0.66      0.65      1500

Traceback (most recent call last):
  File "/mnt/data/Projects/python/IFG-Computer_vision/cowprojectifg/src/models/train_random_forest.py", line 93, in <module>
    main()
  File "/mnt/data/Projects/python/IFG-Computer_vision/cowprojectifg/src/models/train_random_forest.py", line 83, in main
    cm = confusion_matrix(y, oof_preds)
  File "/mnt/data/Projects/python/IFG-Computer_vision/cowprojectifg/.venv/lib/python3.10/site-packages/sklearn/utils/_param_validation.py", line 213, in wrapper
    return func(*args, **kwargs)
  File "/mnt/data/Projects/python/IFG-Computer_vision/cowprojectifg/.venv/lib/python3.10/site-packages/sklearn/metrics/_classification.py", line 342, in confusion_matrix
    y_type, y_true, y_pred = _check_targets(y_true, y_pred)
  File "/mnt/data/Projects/python/IFG-Computer_vision/cowprojectifg/.venv/lib/python3.10/site-packages/sklearn/metrics/_classification.py", line 112, in _check_targets
    raise ValueError(
ValueError: Classification metrics can't handle a mix of multiclass and unknown targets
